<?xml version="1.0" encoding="utf-8" standalone="no"?>
<!--This file represents the results of running a test suite-->
<test-results name="C:\Projects\bowerbird.web\Src\Bowerbird.sln" total="390" errors="0" failures="0" not-run="14" inconclusive="0" ignored="14" skipped="0" invalid="0" date="2012-01-05" time="16:41:12">
  <environment nunit-version="2.5.10.11092" clr-version="2.0.50727.4963" os-version="Microsoft Windows NT 6.1.7600.0" platform="Win32NT" cwd="C:\Program Files (x86)\NUnit 2.5.10\bin\net-2.0" machine-name="MVPC1506" user="hcrittenden" user-domain="MV" />
  <culture-info current-culture="en-AU" current-uiculture="en-US" />
  <test-suite type="Test Project" name="C:\Projects\bowerbird.web\Src\Bowerbird.sln" executed="True" result="Success" success="True" time="123.552" asserts="0">
    <results>
      <test-suite type="Assembly" name="C:\Projects\bowerbird.web\Src\Bowerbird.Core\bin\Debug\Bowerbird.Core.dll" executed="True" result="Inconclusive" success="False" time="0.023" asserts="0" />
      <test-suite type="Assembly" name="C:\Projects\bowerbird.web\Src\Bowerbird.Web\bin\Debug\Bowerbird.Web.dll" executed="True" result="Inconclusive" success="False" time="0.025" asserts="0" />
      <test-suite type="Assembly" name="C:\Projects\bowerbird.web\Src\Bowerbird.Website\bin\Bowerbird.Website.dll" executed="True" result="Inconclusive" success="False" time="0.026" asserts="0" />
      <test-suite type="Assembly" name="C:\Projects\bowerbird.web\Src\Bowerbird.Core.Test\bin\Debug\Bowerbird.Core.Test.dll" executed="True" result="Success" success="True" time="72.848" asserts="0">
        <results>
          <test-suite type="Namespace" name="Bowerbird" executed="True" result="Success" success="True" time="72.768" asserts="0">
            <results>
              <test-suite type="Namespace" name="Core" executed="True" result="Success" success="True" time="72.703" asserts="0">
                <results>
                  <test-suite type="Namespace" name="Test" executed="True" result="Success" success="True" time="72.640" asserts="0">
                    <results>
                      <test-suite type="Namespace" name="CommandHandlers" executed="True" result="Success" success="True" time="5.793" asserts="0">
                        <results>
                          <test-suite type="TestFixture" name="ObservationCreateCommandHandlerTest" executed="True" result="Success" success="True" time="2.481" asserts="0">
                            <results>
                              <test-case name="Bowerbird.Core.Test.CommandHandlers.ObservationCreateCommandHandlerTest.ObservationCreateCommandHandler_Constructor_With_Null_MediaResourceRepository_Throws_DesignByContractException" executed="True" result="Success" success="True" time="0.666" asserts="1">
                                <categories>
                                  <category name="Unit" />
                                </categories>
                              </test-case>
                              <test-case name="Bowerbird.Core.Test.CommandHandlers.ObservationCreateCommandHandlerTest.ObservationCreateCommandHandler_Constructor_With_Null_ObservationRepository_Throws_DesignByContractException" executed="True" result="Success" success="True" time="0.002" asserts="1">
                                <categories>
                                  <category name="Unit" />
                                </categories>
                              </test-case>
                              <test-case name="Bowerbird.Core.Test.CommandHandlers.ObservationCreateCommandHandlerTest.ObservationCreateCommandHandler_Constructor_With_Null_UserRepository_Throws_DesignByContractException" executed="True" result="Success" success="True" time="0.001" asserts="1">
                                <categories>
                                  <category name="Unit" />
                                </categories>
                              </test-case>
                              <test-case name="Bowerbird.Core.Test.CommandHandlers.ObservationCreateCommandHandlerTest.ObservationCreateCommandHandler_Handle_Passing_Null_ObservationCreateCommandHandle_Throws_DesignByContractException" executed="True" result="Success" success="True" time="0.002" asserts="1">
                                <categories>
                                  <category name="Unit" />
                                </categories>
                              </test-case>
                              <test-case name="Bowerbird.Core.Test.CommandHandlers.ObservationCreateCommandHandlerTest.ObservationCreateCommandHandler_Handle_Passing_ObservationCreateCommand_Calls_ObservationRepository_Add" executed="True" result="Success" success="True" time="0.714" asserts="0">
                                <categories>
                                  <category name="Unit" />
                                </categories>
                              </test-case>
                              <test-case name="Bowerbird.Core.Test.CommandHandlers.ObservationCreateCommandHandlerTest.ObservationCreateCommandHandler_Handle_Passing_ObservationCreateCommand_Calls_UserRepository_Load" executed="True" result="Success" success="True" time="0.020" asserts="0">
                                <categories>
                                  <category name="Integration" />
                                </categories>
                              </test-case>
                              <test-case name="Bowerbird.Core.Test.CommandHandlers.ObservationCreateCommandHandlerTest.ObservationCreateCommandHandler_Handle_Passing_ObservationCreateCommand_With_MediaResources_Calls_MediaResourceRepository_Load" executed="True" result="Success" success="True" time="0.020" asserts="0">
                                <categories>
                                  <category name="Integration" />
                                </categories>
                              </test-case>
                              <test-case name="Bowerbird.Core.Test.CommandHandlers.ObservationCreateCommandHandlerTest.ObservationCreateCommandHandler_Handle_Passing_ObservationCreateCommand_Without_MediaResources_DoesNotCall_MediaResourceRepository_Load" executed="True" result="Success" success="True" time="0.000" asserts="0">
                                <categories>
                                  <category name="Integration" />
                                </categories>
                              </test-case>
                            </results>
                          </test-suite>
                          <test-suite type="TestFixture" name="ObservationUpdateCommandHandlerTest" executed="True" result="Success" success="True" time="1.224" asserts="0">
                            <results>
                              <test-case name="Bowerbird.Core.Test.CommandHandlers.ObservationUpdateCommandHandlerTest.ObservationUpdateCommandHandler_Constructor_Passing_Null_MediaResourceRepository_Throws_DesignByContractException" executed="True" result="Success" success="True" time="0.003" asserts="1">
                                <categories>
                                  <category name="Unit" />
                                </categories>
                              </test-case>
                              <test-case name="Bowerbird.Core.Test.CommandHandlers.ObservationUpdateCommandHandlerTest.ObservationUpdateCommandHandler_Constructor_Passing_Null_ObservationRepository_Throws_DesignByContractException" executed="True" result="Success" success="True" time="0.001" asserts="1">
                                <categories>
                                  <category name="Unit" />
                                </categories>
                              </test-case>
                              <test-case name="Bowerbird.Core.Test.CommandHandlers.ObservationUpdateCommandHandlerTest.ObservationUpdateCommandHandler_Constructor_Passing_Null_UserRepository_Throws_DesignByContractException" executed="True" result="Success" success="True" time="0.002" asserts="1">
                                <categories>
                                  <category name="Unit" />
                                </categories>
                              </test-case>
                              <test-case name="Bowerbird.Core.Test.CommandHandlers.ObservationUpdateCommandHandlerTest.ObservationUpdateCommandHandler_Handle_Calls_MediaResourceRepository_Load" executed="True" result="Success" success="True" time="0.052" asserts="0">
                                <categories>
                                  <category name="Integration" />
                                </categories>
                              </test-case>
                              <test-case name="Bowerbird.Core.Test.CommandHandlers.ObservationUpdateCommandHandlerTest.ObservationUpdateCommandHandler_Handle_Calls_Observation_UpdateDetails" executed="True" result="Success" success="True" time="0.034" asserts="0">
                                <categories>
                                  <category name="Integration" />
                                </categories>
                              </test-case>
                              <test-case name="Bowerbird.Core.Test.CommandHandlers.ObservationUpdateCommandHandlerTest.ObservationUpdateCommandHandler_Handle_Calls_ObservationRepository_Load_And_Add" executed="True" result="Success" success="True" time="0.016" asserts="0">
                                <categories>
                                  <category name="Integration" />
                                </categories>
                              </test-case>
                              <test-case name="Bowerbird.Core.Test.CommandHandlers.ObservationUpdateCommandHandlerTest.ObservationUpdateCommandHandler_Handle_Calls_UserRepository_Load" executed="True" result="Success" success="True" time="0.025" asserts="0">
                                <categories>
                                  <category name="Integration" />
                                </categories>
                              </test-case>
                              <test-case name="Bowerbird.Core.Test.CommandHandlers.ObservationUpdateCommandHandlerTest.ObservationUpdateCommandHandler_Handle_Passing_Null_ObservationUpdateCommand_Throws_DesignByContractException" executed="True" result="Success" success="True" time="0.010" asserts="1">
                                <categories>
                                  <category name="Unit" />
                                </categories>
                              </test-case>
                            </results>
                          </test-suite>
                          <test-suite type="TestFixture" name="UserCreateCommandHandlerTest" executed="True" result="Success" success="True" time="0.679" asserts="0">
                            <results>
                              <test-case name="Bowerbird.Core.Test.CommandHandlers.UserCreateCommandHandlerTest.UserCreateCommandHandler_Constructor_Passing_Null_RoleRepository_Throws_DesignByContractException" executed="True" result="Success" success="True" time="0.011" asserts="1">
                                <categories>
                                  <category name="Unit" />
                                </categories>
                              </test-case>
                              <test-case name="Bowerbird.Core.Test.CommandHandlers.UserCreateCommandHandlerTest.UserCreateCommandHandler_Constructor_Passing_Null_UserRepository_Throws_DesignByContractException" executed="True" result="Success" success="True" time="0.001" asserts="1">
                                <categories>
                                  <category name="Unit" />
                                </categories>
                              </test-case>
                              <test-case name="Bowerbird.Core.Test.CommandHandlers.UserCreateCommandHandlerTest.UserCreateCommandHandler_Handle_Passing_Null_UserCreateCommand_Throws_DesignByContractException" executed="True" result="Success" success="True" time="0.002" asserts="1">
                                <categories>
                                  <category name="Unit" />
                                </categories>
                              </test-case>
                              <test-case name="Bowerbird.Core.Test.CommandHandlers.UserCreateCommandHandlerTest.UserCreateCommandHandler_Handle_Passing_UserCreateCommand_Calls_RoleRepository_Load" executed="True" result="Success" success="True" time="0.043" asserts="0">
                                <categories>
                                  <category name="Integration" />
                                </categories>
                              </test-case>
                              <test-case name="Bowerbird.Core.Test.CommandHandlers.UserCreateCommandHandlerTest.UserCreateCommandHandler_Handle_Passing_UserCreateCommand_Calls_UserRepository_Add" executed="True" result="Success" success="True" time="0.005" asserts="0">
                                <categories>
                                  <category name="Integration" />
                                </categories>
                              </test-case>
                            </results>
                          </test-suite>
                          <test-suite type="TestFixture" name="UserUpdateLastLoginCommandHandlerTest" executed="True" result="Success" success="True" time="0.660" asserts="0">
                            <results>
                              <test-case name="Bowerbird.Core.Test.CommandHandlers.UserUpdateLastLoginCommandHandlerTest.UserUpdateLastLoginCommandHandler_Constructor_Passing_Null_UserRepository_Throws_DesignByContractException" executed="True" result="Success" success="True" time="0.000" asserts="1">
                                <categories>
                                  <category name="Unit" />
                                </categories>
                              </test-case>
                              <test-case name="Bowerbird.Core.Test.CommandHandlers.UserUpdateLastLoginCommandHandlerTest.UserUpdateLastLoginCommandHandler_Handle_Passing_Null_UserUpdateLastLoginCommand_Throws_DesignByContractException" executed="True" result="Success" success="True" time="0.000" asserts="1">
                                <categories>
                                  <category name="Unit" />
                                </categories>
                              </test-case>
                              <test-case name="Bowerbird.Core.Test.CommandHandlers.UserUpdateLastLoginCommandHandlerTest.UserUpdateLastLoginCommandHandler_Handle_Passing_UserUpdateLastLoginCommand_Calls_User_UpdateLastLoggedIn" executed="True" result="Success" success="True" time="0.010" asserts="0">
                                <categories>
                                  <category name="Integration" />
                                </categories>
                              </test-case>
                              <test-case name="Bowerbird.Core.Test.CommandHandlers.UserUpdateLastLoginCommandHandlerTest.UserUpdateLastLoginCommandHandler_Handle_Passing_UserUpdateLastLoginCommand_Calls_UserRepository_Add" executed="True" result="Success" success="True" time="0.010" asserts="0">
                                <categories>
                                  <category name="Integration" />
                                </categories>
                              </test-case>
                              <test-case name="Bowerbird.Core.Test.CommandHandlers.UserUpdateLastLoginCommandHandlerTest.UserUpdateLastLoginCommandHandler_Handle_Passing_UserUpdateLastLoginCommand_Calls_UserRepository_Load" executed="True" result="Success" success="True" time="0.000" asserts="0">
                                <categories>
                                  <category name="Integration" />
                                </categories>
                              </test-case>
                            </results>
                          </test-suite>
                        </results>
                      </test-suite>
                      <test-suite type="TestFixture" name="CommandProcessorTest" executed="True" result="Success" success="True" time="1.636" asserts="0">
                        <results>
                          <test-case name="Bowerbird.Core.Test.CommandProcessorTest.CommandProcessor_Constructor_Passing_Null_ServiceLocator_Throws_DesignByContractException" executed="True" result="Success" success="True" time="0.022" asserts="1">
                            <categories>
                              <category name="Unit" />
                            </categories>
                          </test-case>
                          <test-case name="Bowerbird.Core.Test.CommandProcessorTest.CommandProcessor_Process_Command_Calls_Handler_Handle_For_Each_Handler" executed="True" result="Success" success="True" time="0.133" asserts="0">
                            <categories>
                              <category name="Integration" />
                            </categories>
                          </test-case>
                          <test-case name="Bowerbird.Core.Test.CommandProcessorTest.CommandProcessor_Process_Command_Passing_Null_Command_Throws_DesignByContractException" executed="True" result="Success" success="True" time="0.001" asserts="1">
                            <categories>
                              <category name="Unit" />
                            </categories>
                          </test-case>
                          <test-case name="Bowerbird.Core.Test.CommandProcessorTest.CommandProcessor_Process_Command_Result_Calls_Handler_Handle_For_Each_Handler" executed="True" result="Success" success="True" time="0.068" asserts="2">
                            <categories>
                              <category name="Integration" />
                            </categories>
                          </test-case>
                          <test-case name="Bowerbird.Core.Test.CommandProcessorTest.CommandProcessor_Process_Command_Result_Passing_Null_Command_Throws_DesignByContractException" executed="False" result="Ignored">
                            <categories>
                              <category name="Unit" />
                            </categories>
                            <reason>
                              <message><![CDATA[]]></message>
                            </reason>
                          </test-case>
                          <test-case name="Bowerbird.Core.Test.CommandProcessorTest.CommandProcessor_Process_Command_Result_With_Action_Calls_Handler_Handle_For_Each_Handler" executed="False" result="Ignored">
                            <categories>
                              <category name="Integration" />
                            </categories>
                            <reason>
                              <message><![CDATA[]]></message>
                            </reason>
                          </test-case>
                          <test-case name="Bowerbird.Core.Test.CommandProcessorTest.CommandProcessor_Process_Command_Result_With_Action_Passing_Null_Command_Throws_DesignByContractException" executed="False" result="Ignored">
                            <categories>
                              <category name="Unit" />
                            </categories>
                            <reason>
                              <message><![CDATA[]]></message>
                            </reason>
                          </test-case>
                          <test-case name="Bowerbird.Core.Test.CommandProcessorTest.CommandProcessor_Process_Command_Result_With_Action_With_No_Handlers_Found_Throws_CommandHandlerNotFoundException" executed="False" result="Ignored">
                            <categories>
                              <category name="Unit" />
                            </categories>
                            <reason>
                              <message><![CDATA[]]></message>
                            </reason>
                          </test-case>
                          <test-case name="Bowerbird.Core.Test.CommandProcessorTest.CommandProcessor_Process_Command_Result_With_No_Handlers_Found_Throws_CommandHandlerNotFoundException" executed="False" result="Ignored">
                            <categories>
                              <category name="Unit" />
                            </categories>
                            <reason>
                              <message><![CDATA[]]></message>
                            </reason>
                          </test-case>
                          <test-case name="Bowerbird.Core.Test.CommandProcessorTest.CommandProcessor_Process_Command_With_No_Handlers_Found_Throws_CommandHandlerNotFoundException" executed="True" result="Success" success="True" time="0.003" asserts="1">
                            <categories>
                              <category name="Unit" />
                            </categories>
                          </test-case>
                        </results>
                      </test-suite>
                      <test-suite type="Namespace" name="Commands" executed="True" result="Success" success="True" time="5.398" asserts="0">
                        <results>
                          <test-suite type="TestFixture" name="MediaResourceCreateCommandTest" executed="True" result="Success" success="True" time="0.361" asserts="0">
                            <results>
                              <test-case name="Bowerbird.Core.Test.Commands.MediaResourceCreateCommandTest.MediaResourceCreateCommand_OriginalFileName_Is_TypeOf_String" executed="True" result="Success" success="True" time="0.003" asserts="1">
                                <categories>
                                  <category name="Unit" />
                                </categories>
                              </test-case>
                              <test-case name="Bowerbird.Core.Test.Commands.MediaResourceCreateCommandTest.MediaResourceCreateCommand_Type_Is_TypeOf_String" executed="True" result="Success" success="True" time="0.001" asserts="1">
                                <categories>
                                  <category name="Unit" />
                                </categories>
                              </test-case>
                              <test-case name="Bowerbird.Core.Test.Commands.MediaResourceCreateCommandTest.MediaResourceCreateCommand_ValidationResults_Throws_NotImplementedException" executed="True" result="Success" success="True" time="0.003" asserts="1">
                                <categories>
                                  <category name="Unit" />
                                </categories>
                              </test-case>
                            </results>
                          </test-suite>
                          <test-suite type="TestFixture" name="ObservationCreateCommandTest" executed="True" result="Success" success="True" time="1.433" asserts="0">
                            <results>
                              <test-case name="Bowerbird.Core.Test.Commands.ObservationCreateCommandTest.ObservationCreateCommand_Address_Is_TypeOf_String" executed="True" result="Success" success="True" time="0.003" asserts="1">
                                <categories>
                                  <category name="Unit" />
                                </categories>
                              </test-case>
                              <test-case name="Bowerbird.Core.Test.Commands.ObservationCreateCommandTest.ObservationCreateCommand_Id_Is_TypeOf_String" executed="True" result="Success" success="True" time="0.001" asserts="1">
                                <categories>
                                  <category name="Unit" />
                                </categories>
                              </test-case>
                              <test-case name="Bowerbird.Core.Test.Commands.ObservationCreateCommandTest.ObservationCreateCommand_IsIdentificationRequired_Is_TypeOf_Bool" executed="True" result="Success" success="True" time="0.001" asserts="1">
                                <categories>
                                  <category name="Unit" />
                                </categories>
                              </test-case>
                              <test-case name="Bowerbird.Core.Test.Commands.ObservationCreateCommandTest.ObservationCreateCommand_Latitude_Is_TypeOf_String" executed="True" result="Success" success="True" time="0.000" asserts="1">
                                <categories>
                                  <category name="Unit" />
                                </categories>
                              </test-case>
                              <test-case name="Bowerbird.Core.Test.Commands.ObservationCreateCommandTest.ObservationCreateCommand_Longitude_Is_TypeOf_String" executed="True" result="Success" success="True" time="0.000" asserts="1">
                                <categories>
                                  <category name="Unit" />
                                </categories>
                              </test-case>
                              <test-case name="Bowerbird.Core.Test.Commands.ObservationCreateCommandTest.ObservationCreateCommand_MediaResources_Is_TypeOf_ListOfStrings" executed="True" result="Success" success="True" time="0.000" asserts="1">
                                <categories>
                                  <category name="Unit" />
                                </categories>
                              </test-case>
                              <test-case name="Bowerbird.Core.Test.Commands.ObservationCreateCommandTest.ObservationCreateCommand_ObservationCategory_Is_TypeOf_String" executed="True" result="Success" success="True" time="0.000" asserts="1">
                                <categories>
                                  <category name="Unit" />
                                </categories>
                              </test-case>
                              <test-case name="Bowerbird.Core.Test.Commands.ObservationCreateCommandTest.ObservationCreateCommand_ObservedOn_Is_TypeOf_DateTime" executed="True" result="Success" success="True" time="0.000" asserts="1">
                                <categories>
                                  <category name="Unit" />
                                </categories>
                              </test-case>
                              <test-case name="Bowerbird.Core.Test.Commands.ObservationCreateCommandTest.ObservationCreateCommand_Title_Is_TypeOf_String" executed="True" result="Success" success="True" time="0.010" asserts="1">
                                <categories>
                                  <category name="Unit" />
                                </categories>
                              </test-case>
                              <test-case name="Bowerbird.Core.Test.Commands.ObservationCreateCommandTest.ObservationCreateCommand_Username_Is_TypeOf_String" executed="True" result="Success" success="True" time="0.000" asserts="1">
                                <categories>
                                  <category name="Unit" />
                                </categories>
                              </test-case>
                              <test-case name="Bowerbird.Core.Test.Commands.ObservationCreateCommandTest.ObservationCreateCommand_ValidationResults_Throws_NotImplementedException" executed="True" result="Success" success="True" time="0.001" asserts="1">
                                <categories>
                                  <category name="Unit" />
                                </categories>
                              </test-case>
                            </results>
                          </test-suite>
                          <test-suite type="TestFixture" name="ObservationUpdateCommandTest" executed="True" result="Success" success="True" time="1.457" asserts="0">
                            <results>
                              <test-case name="Bowerbird.Core.Test.Commands.ObservationUpdateCommandTest.ObservationUpdateCommand_Address_Is_TypeOf_String" executed="True" result="Success" success="True" time="0.002" asserts="1">
                                <categories>
                                  <category name="Unit" />
                                </categories>
                              </test-case>
                              <test-case name="Bowerbird.Core.Test.Commands.ObservationUpdateCommandTest.ObservationUpdateCommand_Id_Is_TypeOf_String" executed="True" result="Success" success="True" time="0.000" asserts="1">
                                <categories>
                                  <category name="Unit" />
                                </categories>
                              </test-case>
                              <test-case name="Bowerbird.Core.Test.Commands.ObservationUpdateCommandTest.ObservationUpdateCommand_IsIdentificationRequired_Is_TypeOf_Bool" executed="True" result="Success" success="True" time="0.000" asserts="1">
                                <categories>
                                  <category name="Unit" />
                                </categories>
                              </test-case>
                              <test-case name="Bowerbird.Core.Test.Commands.ObservationUpdateCommandTest.ObservationUpdateCommand_Latitude_Is_TypeOf_String" executed="True" result="Success" success="True" time="0.001" asserts="1">
                                <categories>
                                  <category name="Unit" />
                                </categories>
                              </test-case>
                              <test-case name="Bowerbird.Core.Test.Commands.ObservationUpdateCommandTest.ObservationUpdateCommand_Longitude_Is_TypeOf_String" executed="True" result="Success" success="True" time="0.001" asserts="1">
                                <categories>
                                  <category name="Unit" />
                                </categories>
                              </test-case>
                              <test-case name="Bowerbird.Core.Test.Commands.ObservationUpdateCommandTest.ObservationUpdateCommand_MediaResources_Is_TypeOf_ListOfStrings" executed="True" result="Success" success="True" time="0.001" asserts="1">
                                <categories>
                                  <category name="Unit" />
                                </categories>
                              </test-case>
                              <test-case name="Bowerbird.Core.Test.Commands.ObservationUpdateCommandTest.ObservationUpdateCommand_ObservationCategory_Is_TypeOf_String" executed="True" result="Success" success="True" time="0.000" asserts="1">
                                <categories>
                                  <category name="Unit" />
                                </categories>
                              </test-case>
                              <test-case name="Bowerbird.Core.Test.Commands.ObservationUpdateCommandTest.ObservationUpdateCommand_ObservedOn_Is_TypeOf_DateTime" executed="True" result="Success" success="True" time="0.001" asserts="1">
                                <categories>
                                  <category name="Unit" />
                                </categories>
                              </test-case>
                              <test-case name="Bowerbird.Core.Test.Commands.ObservationUpdateCommandTest.ObservationUpdateCommand_Title_Is_TypeOf_String" executed="True" result="Success" success="True" time="0.001" asserts="1">
                                <categories>
                                  <category name="Unit" />
                                </categories>
                              </test-case>
                              <test-case name="Bowerbird.Core.Test.Commands.ObservationUpdateCommandTest.ObservationUpdateCommand_Username_Is_TypeOf_String" executed="True" result="Success" success="True" time="0.001" asserts="1">
                                <categories>
                                  <category name="Unit" />
                                </categories>
                              </test-case>
                              <test-case name="Bowerbird.Core.Test.Commands.ObservationUpdateCommandTest.ObservationUpdateCommand_ValidationResults_Throws_NotImplementedException" executed="True" result="Success" success="True" time="0.003" asserts="1">
                                <categories>
                                  <category name="Unit" />
                                </categories>
                              </test-case>
                            </results>
                          </test-suite>
                          <test-suite type="TestFixture" name="UserCreateCommandTest" executed="True" result="Success" success="True" time="1.014" asserts="0">
                            <results>
                              <test-case name="Bowerbird.Core.Test.Commands.UserCreateCommandTest.UserCreateCommand_Description_Is_TypeOf_String" executed="True" result="Success" success="True" time="0.001" asserts="1">
                                <categories>
                                  <category name="Unit" />
                                </categories>
                              </test-case>
                              <test-case name="Bowerbird.Core.Test.Commands.UserCreateCommandTest.UserCreateCommand_Email_Is_TypeOf_String" executed="True" result="Success" success="True" time="0.001" asserts="1">
                                <categories>
                                  <category name="Unit" />
                                </categories>
                              </test-case>
                              <test-case name="Bowerbird.Core.Test.Commands.UserCreateCommandTest.UserCreateCommand_FirstName_Is_TypeOf_String" executed="True" result="Success" success="True" time="0.000" asserts="1">
                                <categories>
                                  <category name="Unit" />
                                </categories>
                              </test-case>
                              <test-case name="Bowerbird.Core.Test.Commands.UserCreateCommandTest.UserCreateCommand_LastName_Is_TypeOf_String" executed="True" result="Success" success="True" time="0.001" asserts="1">
                                <categories>
                                  <category name="Unit" />
                                </categories>
                              </test-case>
                              <test-case name="Bowerbird.Core.Test.Commands.UserCreateCommandTest.UserCreateCommand_Password_Is_TypeOf_String" executed="True" result="Success" success="True" time="0.001" asserts="1">
                                <categories>
                                  <category name="Unit" />
                                </categories>
                              </test-case>
                              <test-case name="Bowerbird.Core.Test.Commands.UserCreateCommandTest.UserCreateCommand_Roles_Is_TypeOf_List_String" executed="True" result="Success" success="True" time="0.001" asserts="1">
                                <categories>
                                  <category name="Unit" />
                                </categories>
                              </test-case>
                              <test-case name="Bowerbird.Core.Test.Commands.UserCreateCommandTest.UserCreateCommand_Username_Is_TypeOf_String" executed="True" result="Success" success="True" time="0.000" asserts="1">
                                <categories>
                                  <category name="Unit" />
                                </categories>
                              </test-case>
                              <test-case name="Bowerbird.Core.Test.Commands.UserCreateCommandTest.UserCreateCommand_ValidationResults_Throws_NotImplementedException" executed="True" result="Success" success="True" time="0.001" asserts="1">
                                <categories>
                                  <category name="Unit" />
                                </categories>
                              </test-case>
                            </results>
                          </test-suite>
                          <test-suite type="TestFixture" name="UserUpdateLastLoginCommandTest" executed="True" result="Success" success="True" time="0.213" asserts="0">
                            <results>
                              <test-case name="Bowerbird.Core.Test.Commands.UserUpdateLastLoginCommandTest.UserUpdateLastLoginCommand_UserId_Is_TypeOf_String" executed="True" result="Success" success="True" time="0.001" asserts="1">
                                <categories>
                                  <category name="Unit" />
                                </categories>
                              </test-case>
                              <test-case name="Bowerbird.Core.Test.Commands.UserUpdateLastLoginCommandTest.UserUpdateLastLoginCommand_ValidationResults_Throws_NotImplementedException" executed="True" result="Success" success="True" time="0.001" asserts="1">
                                <categories>
                                  <category name="Unit" />
                                </categories>
                              </test-case>
                            </results>
                          </test-suite>
                        </results>
                      </test-suite>
                      <test-suite type="Namespace" name="DesignByContract" executed="True" result="Success" success="True" time="1.600" asserts="0">
                        <results>
                          <test-suite type="TestFixture" name="CheckTest" executed="True" result="Success" success="True" time="1.536" asserts="0">
                            <results>
                              <test-case name="Bowerbird.Core.Test.DesignByContract.CheckTest.Check_RequireGreaterThanZero_Passing_LessThan_Zero_Throws_DesignByContractException" executed="True" result="Success" success="True" time="0.002" asserts="1">
                                <categories>
                                  <category name="Unit" />
                                </categories>
                              </test-case>
                              <test-case name="Bowerbird.Core.Test.DesignByContract.CheckTest.Check_RequireGreaterThanZero_Passing_One_DoesNotThrow_DesignByContractException" executed="True" result="Success" success="True" time="0.002" asserts="1">
                                <categories>
                                  <category name="Unit" />
                                </categories>
                              </test-case>
                              <test-case name="Bowerbird.Core.Test.DesignByContract.CheckTest.Check_RequireGreaterThanZero_Passing_Zero_Throws_DesignByContractException" executed="True" result="Success" success="True" time="0.000" asserts="1">
                                <categories>
                                  <category name="Unit" />
                                </categories>
                              </test-case>
                              <test-case name="Bowerbird.Core.Test.DesignByContract.CheckTest.Check_RequireNotNullOrWhiteSpace_Passing_EmptyString_Throws_DesignByContractException" executed="True" result="Success" success="True" time="0.001" asserts="1">
                                <categories>
                                  <category name="Unit" />
                                </categories>
                              </test-case>
                              <test-case name="Bowerbird.Core.Test.DesignByContract.CheckTest.Check_RequireNotNullOrWhiteSpace_Passing_NullString_Throws_DesignByContractException" executed="True" result="Success" success="True" time="0.001" asserts="1">
                                <categories>
                                  <category name="Unit" />
                                </categories>
                              </test-case>
                              <test-case name="Bowerbird.Core.Test.DesignByContract.CheckTest.Check_RequireNotNullOrWhiteSpace_Passing_TestString_Does_Not_Throw_DesignByContractException" executed="True" result="Success" success="True" time="0.000" asserts="1">
                                <categories>
                                  <category name="Unit" />
                                </categories>
                              </test-case>
                              <test-case name="Bowerbird.Core.Test.DesignByContract.CheckTest.Check_RequireNotNullOrWhiteSpace_Passing_WhitespaceString_Throws_DesignByContractException" executed="True" result="Success" success="True" time="0.001" asserts="1">
                                <categories>
                                  <category name="Unit" />
                                </categories>
                              </test-case>
                              <test-case name="Bowerbird.Core.Test.DesignByContract.CheckTest.Check_RequireValidEmail_Passing_A_ValidEmail_Does_Not_Throw_DesignByContractException" executed="True" result="Success" success="True" time="0.260" asserts="1">
                                <categories>
                                  <category name="Unit" />
                                </categories>
                              </test-case>
                              <test-case name="Bowerbird.Core.Test.DesignByContract.CheckTest.Check_RequireValidEmail_Passing_An_Empty_String_Throws_DesignByContractException" executed="True" result="Success" success="True" time="0.000" asserts="1">
                                <categories>
                                  <category name="Unit" />
                                </categories>
                              </test-case>
                              <test-case name="Bowerbird.Core.Test.DesignByContract.CheckTest.Check_RequireValidEmail_Passing_An_InValid_Email_Throws_DesignByContractException" executed="True" result="Success" success="True" time="0.000" asserts="1">
                                <categories>
                                  <category name="Unit" />
                                </categories>
                              </test-case>
                            </results>
                          </test-suite>
                        </results>
                      </test-suite>
                      <test-suite type="Namespace" name="Entities" executed="True" result="Success" success="True" time="39.707" asserts="0">
                        <results>
                          <test-suite type="TestFixture" name="ActivityTest" executed="True" result="Success" success="True" time="1.011" asserts="0">
                            <results>
                              <test-case name="Bowerbird.Core.Test.Entities.ActivityTest.Activity_Constructor_Passing_Empty_Type_Throws_DesignByContractException" executed="True" result="Success" success="True" time="0.005" asserts="1">
                                <categories>
                                  <category name="Unit" />
                                </categories>
                              </test-case>
                              <test-case name="Bowerbird.Core.Test.Entities.ActivityTest.Activity_Constructor_Passing_Null_Object_Throws_DesignByContractException" executed="True" result="Success" success="True" time="0.001" asserts="1">
                                <categories>
                                  <category name="Unit" />
                                </categories>
                              </test-case>
                              <test-case name="Bowerbird.Core.Test.Entities.ActivityTest.Activity_Constructor_Passing_Null_User_Throws_DesignByContractException" executed="True" result="Success" success="True" time="0.001" asserts="1">
                                <categories>
                                  <category name="Unit" />
                                </categories>
                              </test-case>
                              <test-case name="Bowerbird.Core.Test.Entities.ActivityTest.Activity_Constructor_Sets_Property_Values" executed="True" result="Success" success="True" time="0.004" asserts="4">
                                <categories>
                                  <category name="Unit" />
                                </categories>
                              </test-case>
                              <test-case name="Bowerbird.Core.Test.Entities.ActivityTest.Activity_Data_Is_OfType_Object" executed="True" result="Success" success="True" time="0.000" asserts="1">
                                <categories>
                                  <category name="Unit" />
                                </categories>
                              </test-case>
                              <test-case name="Bowerbird.Core.Test.Entities.ActivityTest.Activity_OccurredOn_Is_OfType_DateTime" executed="True" result="Success" success="True" time="0.000" asserts="1">
                                <categories>
                                  <category name="Unit" />
                                </categories>
                              </test-case>
                              <test-case name="Bowerbird.Core.Test.Entities.ActivityTest.Activity_Type_Is_OfType_String" executed="True" result="Success" success="True" time="0.000" asserts="1">
                                <categories>
                                  <category name="Unit" />
                                </categories>
                              </test-case>
                              <test-case name="Bowerbird.Core.Test.Entities.ActivityTest.Activity_User_Is_OfType_User" executed="True" result="Success" success="True" time="0.000" asserts="1">
                                <categories>
                                  <category name="Unit" />
                                </categories>
                              </test-case>
                            </results>
                          </test-suite>
                          <test-suite type="TestFixture" name="CommentTest" executed="True" result="Success" success="True" time="0.890" asserts="0">
                            <results>
                              <test-case name="Bowerbird.Core.Test.Entities.CommentTest.Comment_Constructor_Passing_Empty_Message_Throws_DesignByContractException" executed="True" result="Success" success="True" time="0.002" asserts="1">
                                <categories>
                                  <category name="Unit" />
                                </categories>
                              </test-case>
                              <test-case name="Bowerbird.Core.Test.Entities.CommentTest.Comment_Constructor_Passing_Empty_User_Throws_DesignByContractException" executed="True" result="Success" success="True" time="0.001" asserts="1">
                                <categories>
                                  <category name="Unit" />
                                </categories>
                              </test-case>
                              <test-case name="Bowerbird.Core.Test.Entities.CommentTest.Comment_Constructor_Sets_Property_Values" executed="True" result="Success" success="True" time="0.004" asserts="7">
                                <categories>
                                  <category name="Unit" />
                                </categories>
                              </test-case>
                              <test-case name="Bowerbird.Core.Test.Entities.CommentTest.Comment_EditedOnOn_Is_OfType_DateTime" executed="True" result="Success" success="True" time="0.001" asserts="1">
                                <categories>
                                  <category name="Unit" />
                                </categories>
                              </test-case>
                              <test-case name="Bowerbird.Core.Test.Entities.CommentTest.Comment_Message_Is_OfType_String" executed="True" result="Success" success="True" time="0.001" asserts="1">
                                <categories>
                                  <category name="Unit" />
                                </categories>
                              </test-case>
                              <test-case name="Bowerbird.Core.Test.Entities.CommentTest.Comment_SubmittedOn_Is_OfType_DateTime" executed="True" result="Success" success="True" time="0.001" asserts="1">
                                <categories>
                                  <category name="Unit" />
                                </categories>
                              </test-case>
                              <test-case name="Bowerbird.Core.Test.Entities.CommentTest.Comment_User_Is_OfType_DenormalisedUserReference" executed="True" result="Success" success="True" time="0.001" asserts="1">
                                <categories>
                                  <category name="Unit" />
                                </categories>
                              </test-case>
                            </results>
                          </test-suite>
                          <test-suite type="Namespace" name="DenormalisedReferences" executed="True" result="Success" success="True" time="2.938" asserts="0">
                            <results>
                              <test-suite type="TestFixture" name="DenormalisedMemberReferenceTest" executed="True" result="Success" success="True" time="0.453" asserts="0">
                                <results>
                                  <test-case name="Bowerbird.Core.Test.Entities.DenormalisedReferences.DenormalisedMemberReferenceTest.DenormalisedMemberReference_Implicit_Operator_Passing_GlobalMember_Returns_DenormalisedUserReference_With_Populated_Global_Properties" executed="True" result="Success" success="True" time="0.010" asserts="3">
                                    <categories>
                                      <category name="Unit" />
                                    </categories>
                                  </test-case>
                                  <test-case name="Bowerbird.Core.Test.Entities.DenormalisedReferences.DenormalisedMemberReferenceTest.DenormalisedMemberReference_Implicit_Operator_Passing_ProjectMember_Returns_DenormalisedUserReference_With_Populated_Project_Properties" executed="True" result="Success" success="True" time="0.010" asserts="3">
                                    <categories>
                                      <category name="Unit" />
                                    </categories>
                                  </test-case>
                                  <test-case name="Bowerbird.Core.Test.Entities.DenormalisedReferences.DenormalisedMemberReferenceTest.DenormalisedMemberReference_Implicit_Operator_Passing_TeamMember_Returns_DenormalisedUserReference_With_Populated_Team_Properties" executed="True" result="Success" success="True" time="0.000" asserts="3">
                                    <categories>
                                      <category name="Unit" />
                                    </categories>
                                  </test-case>
                                  <test-case name="Bowerbird.Core.Test.Entities.DenormalisedReferences.DenormalisedMemberReferenceTest.DenormalisedUserReference_Implicit_Operator_Passing_Null_User_Throws_DesignByContractException" executed="True" result="Success" success="True" time="0.001" asserts="1">
                                    <categories>
                                      <category name="Unit" />
                                    </categories>
                                  </test-case>
                                </results>
                              </test-suite>
                              <test-suite type="TestFixture" name="DenormalisedNamedEntityReferenceTest" executed="True" result="Success" success="True" time="0.719" asserts="0">
                                <results>
                                  <test-case name="Bowerbird.Core.Test.Entities.DenormalisedReferences.DenormalisedNamedEntityReferenceTest.DenormalisedNamedEntityReference_Implicit_Operator_Passing_Null_Throws_DesignByContractException" executed="True" result="Success" success="True" time="0.001" asserts="1">
                                    <categories>
                                      <category name="Unit" />
                                    </categories>
                                  </test-case>
                                  <test-case name="Bowerbird.Core.Test.Entities.DenormalisedReferences.DenormalisedNamedEntityReferenceTest.DenormalisedNamedEntityReference_Implicit_Operator_Passing_Project_Returns_DenormalisedObservationReference_With_Populated_Properties" executed="True" result="Success" success="True" time="0.001" asserts="2">
                                    <categories>
                                      <category name="Unit" />
                                    </categories>
                                  </test-case>
                                  <test-case name="Bowerbird.Core.Test.Entities.DenormalisedReferences.DenormalisedNamedEntityReferenceTest.DenormalisedNamedEntityReference_Implicit_Operator_Passing_Team_Returns_DenormalisedObservationReference_With_Populated_Properties" executed="True" result="Success" success="True" time="0.001" asserts="2">
                                    <categories>
                                      <category name="Unit" />
                                    </categories>
                                  </test-case>
                                </results>
                              </test-suite>
                              <test-suite type="TestFixture" name="DenormalisedObservationReferenceTest" executed="True" result="Success" success="True" time="0.228" asserts="0">
                                <results>
                                  <test-case name="Bowerbird.Core.Test.Entities.DenormalisedReferences.DenormalisedObservationReferenceTest.DenormalisedObservationReference_Implicit_Operator_Passing_Null_Observation_Throws_DesignByContractException" executed="True" result="Success" success="True" time="0.002" asserts="1">
                                    <categories>
                                      <category name="Unit" />
                                    </categories>
                                  </test-case>
                                  <test-case name="Bowerbird.Core.Test.Entities.DenormalisedReferences.DenormalisedObservationReferenceTest.DenormalisedObservationReference_Implicit_Operator_Passing_Observation_Returns_DenormalisedObservationReference_With_Populated_Properties" executed="True" result="Success" success="True" time="0.002" asserts="2">
                                    <categories>
                                      <category name="Unit" />
                                    </categories>
                                  </test-case>
                                </results>
                              </test-suite>
                              <test-suite type="TestFixture" name="DenormalisedUserReferenceTest" executed="True" result="Success" success="True" time="0.725" asserts="0">
                                <results>
                                  <test-case name="Bowerbird.Core.Test.Entities.DenormalisedReferences.DenormalisedUserReferenceTest.DenormalisedUserReference_Implicit_Operator_Passing_Null_User_Throws_DesignByContractException" executed="True" result="Success" success="True" time="0.001" asserts="1">
                                    <categories>
                                      <category name="Unit" />
                                    </categories>
                                  </test-case>
                                  <test-case name="Bowerbird.Core.Test.Entities.DenormalisedReferences.DenormalisedUserReferenceTest.DenormalisedUserReference_Implicit_Operator_Passing_User_Returns_DenormalisedUserReference_With_Populated_Properties" executed="True" result="Success" success="True" time="0.001" asserts="4">
                                    <categories>
                                      <category name="Unit" />
                                    </categories>
                                  </test-case>
                                </results>
                              </test-suite>
                            </results>
                          </test-suite>
                          <test-suite type="TestFixture" name="GlobalMemberTest" executed="True" result="Success" success="True" time="0.073" asserts="0">
                            <results>
                              <test-case name="Bowerbird.Core.Test.Entities.GlobalMemberTest.GlobalMember_Constructor_Sets_Property_Values" executed="True" result="Success" success="True" time="0.005" asserts="6">
                                <categories>
                                  <category name="Unit" />
                                </categories>
                              </test-case>
                            </results>
                          </test-suite>
                          <test-suite type="Namespace" name="MediaResources" executed="True" result="Success" success="True" time="2.365" asserts="0">
                            <results>
                              <test-suite type="TestFixture" name="ImageMediaResourceTest" executed="True" result="Success" success="True" time="1.948" asserts="0">
                                <results>
                                  <test-case name="Bowerbird.Core.Test.Entities.MediaResources.ImageMediaResourceTest.ImageMediaResource_Constructor_Passing_Height_NotGreaterThanZero_Throws_DesignByContractException" executed="True" result="Success" success="True" time="0.002" asserts="1">
                                    <categories>
                                      <category name="Unit" />
                                    </categories>
                                  </test-case>
                                  <test-case name="Bowerbird.Core.Test.Entities.MediaResources.ImageMediaResourceTest.ImageMediaResource_Constructor_Passing_Width_NotGreaterThanZero_Throws_DesignByContractException" executed="True" result="Success" success="True" time="0.001" asserts="1">
                                    <categories>
                                      <category name="Unit" />
                                    </categories>
                                  </test-case>
                                  <test-case name="Bowerbird.Core.Test.Entities.MediaResources.ImageMediaResourceTest.ImageMediaResource_Constructor_Populates_Property_Values" executed="True" result="Success" success="True" time="0.002" asserts="5">
                                    <categories>
                                      <category name="Unit" />
                                    </categories>
                                  </test-case>
                                  <test-case name="Bowerbird.Core.Test.Entities.MediaResources.ImageMediaResourceTest.ImageMediaResource_Height_Is_TypeOf_Int" executed="True" result="Success" success="True" time="0.001" asserts="1">
                                    <categories>
                                      <category name="Unit" />
                                    </categories>
                                  </test-case>
                                  <test-case name="Bowerbird.Core.Test.Entities.MediaResources.ImageMediaResourceTest.ImageMediaResource_Width_Is_TypeOf_Int" executed="True" result="Success" success="True" time="0.001" asserts="1">
                                    <categories>
                                      <category name="Unit" />
                                    </categories>
                                  </test-case>
                                </results>
                              </test-suite>
                              <test-suite type="TestFixture" name="OtherMediaResourceTest" executed="True" result="Inconclusive" success="False" time="0.001" asserts="0" />
                            </results>
                          </test-suite>
                          <test-suite type="TestFixture" name="MediaResourceTest" executed="True" result="Success" success="True" time="1.019" asserts="0">
                            <results>
                              <test-case name="Bowerbird.Core.Test.Entities.MediaResourceTest.MediaResource_Constructor_Passing_Empty_Description_DoesNot_Throw_DesignByContractException" executed="True" result="Success" success="True" time="0.002" asserts="1">
                                <categories>
                                  <category name="Unit" />
                                </categories>
                              </test-case>
                              <test-case name="Bowerbird.Core.Test.Entities.MediaResourceTest.MediaResource_Constructor_Passing_Empty_FileFormat_Throws_DesignByContractException" executed="True" result="Success" success="True" time="0.001" asserts="1">
                                <categories>
                                  <category name="Unit" />
                                </categories>
                              </test-case>
                              <test-case name="Bowerbird.Core.Test.Entities.MediaResourceTest.MediaResource_Constructor_Passing_Empty_FileName_Throws_DesignByContractException" executed="True" result="Success" success="True" time="0.001" asserts="1">
                                <categories>
                                  <category name="Unit" />
                                </categories>
                              </test-case>
                              <test-case name="Bowerbird.Core.Test.Entities.MediaResourceTest.MediaResource_Constructor_Populates_Property_Values" executed="True" result="Success" success="True" time="0.000" asserts="3">
                                <categories>
                                  <category name="Unit" />
                                </categories>
                              </test-case>
                              <test-case name="Bowerbird.Core.Test.Entities.MediaResourceTest.MediaResource_Description_Is_TypeOf_String" executed="True" result="Success" success="True" time="0.000" asserts="1">
                                <categories>
                                  <category name="Unit" />
                                </categories>
                              </test-case>
                              <test-case name="Bowerbird.Core.Test.Entities.MediaResourceTest.MediaResource_FileFormat_Is_TypeOf_String" executed="True" result="Success" success="True" time="0.000" asserts="1">
                                <categories>
                                  <category name="Unit" />
                                </categories>
                              </test-case>
                              <test-case name="Bowerbird.Core.Test.Entities.MediaResourceTest.MediaResource_OriginalFileName_Is_TypeOf_String" executed="True" result="Success" success="True" time="0.001" asserts="1">
                                <categories>
                                  <category name="Unit" />
                                </categories>
                              </test-case>
                            </results>
                          </test-suite>
                          <test-suite type="TestFixture" name="MemberTest" executed="True" result="Success" success="True" time="1.024" asserts="0">
                            <results>
                              <test-case name="Bowerbird.Core.Test.Entities.MemberTest.Member_AddRole_Adds_Role_To_Member" executed="True" result="Success" success="True" time="0.004" asserts="3">
                                <categories>
                                  <category name="Unit" />
                                </categories>
                              </test-case>
                              <test-case name="Bowerbird.Core.Test.Entities.MemberTest.Member_Constructor_ByProxy_Passing_Null_Roles_Throws_DesignByContractException" executed="True" result="Success" success="True" time="0.001" asserts="1">
                                <categories>
                                  <category name="Unit" />
                                </categories>
                              </test-case>
                              <test-case name="Bowerbird.Core.Test.Entities.MemberTest.Member_Constructor_ByProxy_Passing_Null_User_Throws_DesignByContractException" executed="True" result="Success" success="True" time="0.001" asserts="1">
                                <categories>
                                  <category name="Unit" />
                                </categories>
                              </test-case>
                              <test-case name="Bowerbird.Core.Test.Entities.MemberTest.Member_Constructor_ByProxy_Sets_Property_Values" executed="True" result="Success" success="True" time="0.003" asserts="6">
                                <categories>
                                  <category name="Unit" />
                                </categories>
                              </test-case>
                              <test-case name="Bowerbird.Core.Test.Entities.MemberTest.Member_RemoveRole_Removes_Role_From_Member" executed="True" result="Success" success="True" time="0.003" asserts="2">
                                <categories>
                                  <category name="Unit" />
                                </categories>
                              </test-case>
                              <test-case name="Bowerbird.Core.Test.Entities.MemberTest.Member_Roles_Is_TypeOf_DenormalisedNamedEntityReference_Role_List" executed="True" result="Success" success="True" time="0.001" asserts="1">
                                <categories>
                                  <category name="Unit" />
                                </categories>
                              </test-case>
                              <test-case name="Bowerbird.Core.Test.Entities.MemberTest.Member_User_Is_TypeOf_DenormalisedUserReference" executed="True" result="Success" success="True" time="0.001" asserts="1">
                                <categories>
                                  <category name="Unit" />
                                </categories>
                              </test-case>
                            </results>
                          </test-suite>
                          <test-suite type="TestFixture" name="ObservationNoteTest" executed="True" result="Success" success="True" time="2.564" asserts="0">
                            <results>
                              <test-case name="Bowerbird.Core.Test.Entities.ObservationNoteTest.ObservationNote_CommonName_Is_OfType_String" executed="True" result="Success" success="True" time="0.014" asserts="1">
                                <categories>
                                  <category name="Unit" />
                                </categories>
                              </test-case>
                              <test-case name="Bowerbird.Core.Test.Entities.ObservationNoteTest.ObservationNote_Constructor_Passing_Null_Descriptions_Throws_DesignByContractException" executed="True" result="Success" success="True" time="0.001" asserts="1">
                                <categories>
                                  <category name="Unit" />
                                </categories>
                              </test-case>
                              <test-case name="Bowerbird.Core.Test.Entities.ObservationNoteTest.ObservationNote_Constructor_Passing_Null_Observation_Throws_DesignByContractException" executed="True" result="Success" success="True" time="0.001" asserts="1">
                                <categories>
                                  <category name="Unit" />
                                </categories>
                              </test-case>
                              <test-case name="Bowerbird.Core.Test.Entities.ObservationNoteTest.ObservationNote_Constructor_Passing_Null_References_Throws_DesignByContractException" executed="True" result="Success" success="True" time="0.001" asserts="1">
                                <categories>
                                  <category name="Unit" />
                                </categories>
                              </test-case>
                              <test-case name="Bowerbird.Core.Test.Entities.ObservationNoteTest.ObservationNote_Constructor_Passing_Null_User_Throws_DesignByContractException" executed="True" result="Success" success="True" time="0.001" asserts="1">
                                <categories>
                                  <category name="Unit" />
                                </categories>
                              </test-case>
                              <test-case name="Bowerbird.Core.Test.Entities.ObservationNoteTest.ObservationNote_Constructor_Sets_Property_Values" executed="True" result="Success" success="True" time="0.012" asserts="13">
                                <categories>
                                  <category name="Unit" />
                                </categories>
                              </test-case>
                              <test-case name="Bowerbird.Core.Test.Entities.ObservationNoteTest.ObservationNote_Descriptions_Is_OfType_Dictionary_Of_String_String" executed="True" result="Success" success="True" time="0.000" asserts="1">
                                <categories>
                                  <category name="Unit" />
                                </categories>
                              </test-case>
                              <test-case name="Bowerbird.Core.Test.Entities.ObservationNoteTest.ObservationNote_Notes_Is_OfType_String" executed="True" result="Success" success="True" time="0.000" asserts="1">
                                <categories>
                                  <category name="Unit" />
                                </categories>
                              </test-case>
                              <test-case name="Bowerbird.Core.Test.Entities.ObservationNoteTest.ObservationNote_Observation_Is_OfType_DenormalisedObservationReference" executed="True" result="Success" success="True" time="0.000" asserts="1">
                                <categories>
                                  <category name="Unit" />
                                </categories>
                              </test-case>
                              <test-case name="Bowerbird.Core.Test.Entities.ObservationNoteTest.ObservationNote_References_Is_OfType_Dictionary_Of_String_String" executed="True" result="Success" success="True" time="0.000" asserts="1">
                                <categories>
                                  <category name="Unit" />
                                </categories>
                              </test-case>
                              <test-case name="Bowerbird.Core.Test.Entities.ObservationNoteTest.ObservationNote_ScientificName_Is_OfType_String" executed="True" result="Success" success="True" time="0.000" asserts="1">
                                <categories>
                                  <category name="Unit" />
                                </categories>
                              </test-case>
                              <test-case name="Bowerbird.Core.Test.Entities.ObservationNoteTest.ObservationNote_SubmittedOn_Is_OfType_DateTime" executed="True" result="Success" success="True" time="0.001" asserts="1">
                                <categories>
                                  <category name="Unit" />
                                </categories>
                              </test-case>
                              <test-case name="Bowerbird.Core.Test.Entities.ObservationNoteTest.ObservationNote_Tags_Is_OfType_String" executed="True" result="Success" success="True" time="0.001" asserts="1">
                                <categories>
                                  <category name="Unit" />
                                </categories>
                              </test-case>
                              <test-case name="Bowerbird.Core.Test.Entities.ObservationNoteTest.ObservationNote_Taxonomy_Is_OfType_String" executed="True" result="Success" success="True" time="0.001" asserts="1">
                                <categories>
                                  <category name="Unit" />
                                </categories>
                              </test-case>
                              <test-case name="Bowerbird.Core.Test.Entities.ObservationNoteTest.ObservationNote_UpdateDetails_Passing_Null_Descriptions_Throws_DesignByContractException" executed="True" result="Success" success="True" time="0.002" asserts="1">
                                <categories>
                                  <category name="Unit" />
                                </categories>
                              </test-case>
                              <test-case name="Bowerbird.Core.Test.Entities.ObservationNoteTest.ObservationNote_UpdateDetails_Passing_Null_References_Throws_DesignByContractException" executed="True" result="Success" success="True" time="0.002" asserts="1">
                                <categories>
                                  <category name="Unit" />
                                </categories>
                              </test-case>
                              <test-case name="Bowerbird.Core.Test.Entities.ObservationNoteTest.ObservationNote_UpdateDetails_Passing_Null_User_Throws_DesignByContractException" executed="True" result="Success" success="True" time="0.001" asserts="1">
                                <categories>
                                  <category name="Unit" />
                                </categories>
                              </test-case>
                              <test-case name="Bowerbird.Core.Test.Entities.ObservationNoteTest.ObservationNote_UpdateDetails_Updates_Property_Values" executed="True" result="Success" success="True" time="0.003" asserts="7">
                                <categories>
                                  <category name="Unit" />
                                </categories>
                              </test-case>
                              <test-case name="Bowerbird.Core.Test.Entities.ObservationNoteTest.ObservationNote_User_Is_OfType_DenormalisedUserReference" executed="True" result="Success" success="True" time="0.001" asserts="1">
                                <categories>
                                  <category name="Unit" />
                                </categories>
                              </test-case>
                            </results>
                          </test-suite>
                          <test-suite type="TestFixture" name="OrganisationTest" executed="True" result="Success" success="True" time="1.130" asserts="0">
                            <results>
                              <test-case name="Bowerbird.Core.Test.Entities.OrganisationTest.ObservationNote_Description_Is_OfType_String" executed="True" result="Success" success="True" time="0.003" asserts="1">
                                <categories>
                                  <category name="Unit" />
                                </categories>
                              </test-case>
                              <test-case name="Bowerbird.Core.Test.Entities.OrganisationTest.ObservationNote_Name_Is_OfType_String" executed="True" result="Success" success="True" time="0.000" asserts="1">
                                <categories>
                                  <category name="Unit" />
                                </categories>
                              </test-case>
                              <test-case name="Bowerbird.Core.Test.Entities.OrganisationTest.ObservationNote_UpdateDetails_Updates_Property_Values" executed="True" result="Success" success="True" time="0.002" asserts="3">
                                <categories>
                                  <category name="Unit" />
                                </categories>
                              </test-case>
                              <test-case name="Bowerbird.Core.Test.Entities.OrganisationTest.ObservationNote_Website_Is_OfType_String" executed="True" result="Success" success="True" time="0.000" asserts="1">
                                <categories>
                                  <category name="Unit" />
                                </categories>
                              </test-case>
                              <test-case name="Bowerbird.Core.Test.Entities.OrganisationTest.Organisation_Constructor_Passing_Empty_Description_Throws_DesignByContractException" executed="True" result="Success" success="True" time="0.002" asserts="1">
                                <categories>
                                  <category name="Unit" />
                                </categories>
                              </test-case>
                              <test-case name="Bowerbird.Core.Test.Entities.OrganisationTest.Organisation_Constructor_Passing_Empty_Name_Throws_DesignByContractException" executed="True" result="Success" success="True" time="0.001" asserts="1">
                                <categories>
                                  <category name="Unit" />
                                </categories>
                              </test-case>
                              <test-case name="Bowerbird.Core.Test.Entities.OrganisationTest.Organisation_Constructor_Passing_Null_User_Throws_DesignByContractException" executed="True" result="Success" success="True" time="0.001" asserts="1">
                                <categories>
                                  <category name="Unit" />
                                </categories>
                              </test-case>
                              <test-case name="Bowerbird.Core.Test.Entities.OrganisationTest.Organisation_Constructor_Populates_Property_Values" executed="True" result="Success" success="True" time="0.001" asserts="3">
                                <categories>
                                  <category name="Unit" />
                                </categories>
                              </test-case>
                            </results>
                          </test-suite>
                          <test-suite type="TestFixture" name="PermissionTest" executed="True" result="Success" success="True" time="0.882" asserts="0">
                            <results>
                              <test-case name="Bowerbird.Core.Test.Entities.PermissionTest.Permission_Constructor_Passing_Empty_Description_Throws_DesignByContractException" executed="True" result="Success" success="True" time="0.001" asserts="1">
                                <categories>
                                  <category name="Unit" />
                                </categories>
                              </test-case>
[...]
                          </test-suite>
                          <test-suite type="TestFixture" name="AccountLoginTest" executed="True" result="Success" success="True" time="0.325" asserts="0">
                            <results>
                              <test-case name="Bowerbird.Web.Test.ViewModels.AccountLoginTest.AccountLogin_RememberMe_Is_A_Bool" executed="True" result="Success" success="True" time="0.001" asserts="1">
                                <categories>
                                  <category name="Unit" />
                                </categories>
                              </test-case>
                              <test-case name="Bowerbird.Web.Test.ViewModels.AccountLoginTest.AccountLogin_ReturnUrl_Is_A_String" executed="True" result="Success" success="True" time="0.000" asserts="1">
                                <categories>
                                  <category name="Unit" />
                                </categories>
                              </test-case>
                              <test-case name="Bowerbird.Web.Test.ViewModels.AccountLoginTest.AccountLogin_Username_Is_A_String" executed="True" result="Success" success="True" time="0.001" asserts="1">
                                <categories>
                                  <category name="Unit" />
                                </categories>
                              </test-case>
                            </results>
                          </test-suite>
                          <test-suite type="TestFixture" name="DefaultViewModelTest" executed="True" result="Inconclusive" success="False" time="0.001" asserts="0" />
                          <test-suite type="TestFixture" name="HomeIndexInputTest" executed="True" result="Success" success="True" time="0.336" asserts="0">
                            <results>
                              <test-case name="Bowerbird.Web.Test.ViewModels.HomeIndexInputTest.HomeIndexInput_Page_Is_An_Int" executed="True" result="Success" success="True" time="0.002" asserts="1">
                                <categories>
                                  <category name="Unit" />
                                </categories>
                              </test-case>
                              <test-case name="Bowerbird.Web.Test.ViewModels.HomeIndexInputTest.HomeIndexInput_Pagesize_Is_An_Int" executed="True" result="Success" success="True" time="0.001" asserts="1">
                                <categories>
                                  <category name="Unit" />
                                </categories>
                              </test-case>
                              <test-case name="Bowerbird.Web.Test.ViewModels.HomeIndexInputTest.HomeIndexInput_Username_Is_A_String" executed="True" result="Success" success="True" time="0.001" asserts="1">
                                <categories>
                                  <category name="Unit" />
                                </categories>
                              </test-case>
                            </results>
                          </test-suite>
                          <test-suite type="TestFixture" name="HomeIndexTest" executed="True" result="Success" success="True" time="0.053" asserts="0">
                            <results>
                              <test-case name="Bowerbird.Web.Test.ViewModels.HomeIndexTest.HomeIndexInput_Pagesize_Is_An_Int" executed="True" result="Success" success="True" time="0.001" asserts="1">
                                <categories>
                                  <category name="Unit" />
                                </categories>
                              </test-case>
                            </results>
                          </test-suite>
                          <test-suite type="TestFixture" name="ObservationCreateInputTest" executed="True" result="Success" success="True" time="1.015" asserts="0">
                            <results>
                              <test-case name="Bowerbird.Web.Test.ViewModels.ObservationCreateInputTest.ObservationCreateInput_Address_Is_A_String" executed="True" result="Success" success="True" time="0.001" asserts="1">
                                <categories>
                                  <category name="Unit" />
                                </categories>
                              </test-case>
                              <test-case name="Bowerbird.Web.Test.ViewModels.ObservationCreateInputTest.ObservationCreateInput_Latitude_Is_A_String" executed="True" result="Success" success="True" time="0.001" asserts="1">
                                <categories>
                                  <category name="Unit" />
                                </categories>
                              </test-case>
                              <test-case name="Bowerbird.Web.Test.ViewModels.ObservationCreateInputTest.ObservationCreateInput_Longitude_Is_A_String" executed="True" result="Success" success="True" time="0.001" asserts="1">
                                <categories>
                                  <category name="Unit" />
                                </categories>
                              </test-case>
                              <test-case name="Bowerbird.Web.Test.ViewModels.ObservationCreateInputTest.ObservationCreateInput_MediaResources_Is_A_String_List" executed="True" result="Success" success="True" time="0.001" asserts="1">
                                <categories>
                                  <category name="Unit" />
                                </categories>
                              </test-case>
                              <test-case name="Bowerbird.Web.Test.ViewModels.ObservationCreateInputTest.ObservationCreateInput_ObservationCategory_Is_A_String" executed="True" result="Success" success="True" time="0.001" asserts="1">
                                <categories>
                                  <category name="Unit" />
                                </categories>
                              </test-case>
                              <test-case name="Bowerbird.Web.Test.ViewModels.ObservationCreateInputTest.ObservationCreateInput_ObservedOn_Is_A_DateTime" executed="True" result="Success" success="True" time="0.010" asserts="1">
                                <categories>
                                  <category name="Unit" />
                                </categories>
                              </test-case>
                              <test-case name="Bowerbird.Web.Test.ViewModels.ObservationCreateInputTest.ObservationCreateInput_Title_Is_A_String" executed="True" result="Success" success="True" time="0.001" asserts="1">
                                <categories>
                                  <category name="Unit" />
                                </categories>
                              </test-case>
                              <test-case name="Bowerbird.Web.Test.ViewModels.ObservationCreateInputTest.ObservationCreateInput_Username_Is_A_String" executed="True" result="Success" success="True" time="0.001" asserts="1">
                                <categories>
                                  <category name="Unit" />
                                </categories>
                              </test-case>
                            </results>
                          </test-suite>
                          <test-suite type="TestFixture" name="ObservationListInputTest" executed="True" result="Success" success="True" time="0.319" asserts="0">
                            <results>
                              <test-case name="Bowerbird.Web.Test.ViewModels.ObservationListInputTest.ObservationListInput_Page_Is_An_Int" executed="True" result="Success" success="True" time="0.001" asserts="1">
                                <categories>
                                  <category name="Unit" />
                                </categories>
                              </test-case>
                              <test-case name="Bowerbird.Web.Test.ViewModels.ObservationListInputTest.ObservationListInput_Pagesize_Is_An_Int" executed="True" result="Success" success="True" time="0.001" asserts="1">
                                <categories>
                                  <category name="Unit" />
                                </categories>
                              </test-case>
                              <test-case name="Bowerbird.Web.Test.ViewModels.ObservationListInputTest.ObservationListInput_Username_Is_A_String" executed="True" result="Success" success="True" time="0.001" asserts="1">
                                <categories>
                                  <category name="Unit" />
                                </categories>
                              </test-case>
                            </results>
                          </test-suite>
                          <test-suite type="Namespace" name="Paging" executed="True" result="Success" success="True" time="2.555" asserts="0">
                            <results>
                              <test-suite type="TestFixture" name="PagedListItemTest" executed="True" result="Success" success="True" time="0.484" asserts="0">
                                <results>
                                  <test-case name="Bowerbird.Web.Test.ViewModels.Paging.PagedListItemTest.PagedListItem_Constructor_Sets_Properties" executed="True" result="Success" success="True" time="0.003" asserts="3">
                                    <categories>
                                      <category name="Unit" />
                                    </categories>
                                  </test-case>
                                  <test-case name="Bowerbird.Web.Test.ViewModels.Paging.PagedListItemTest.PagedListItem_PageNumber_Is_A_PageNumber" executed="True" result="Success" success="True" time="0.001" asserts="1">
                                    <categories>
                                      <category name="Unit" />
                                    </categories>
                                  </test-case>
                                  <test-case name="Bowerbird.Web.Test.ViewModels.Paging.PagedListItemTest.PagedListItem_Position_Is_An_Int" executed="True" result="Success" success="True" time="0.000" asserts="1">
                                    <categories>
                                      <category name="Unit" />
                                    </categories>
                                  </test-case>
                                  <test-case name="Bowerbird.Web.Test.ViewModels.Paging.PagedListItemTest.PagedListItem_When_Typed_As_An_Object_Has_PageObject_Of_Type_Object" executed="True" result="Success" success="True" time="0.001" asserts="1">
                                    <categories>
                                      <category name="Unit" />
                                    </categories>
                                  </test-case>
                                </results>
                              </test-suite>
                              <test-suite type="TestFixture" name="PagedListTest" executed="True" result="Success" success="True" time="0.885" asserts="0">
                                <results>
                                  <test-case name="Bowerbird.Web.Test.ViewModels.Paging.PagedListTest.PagedList_AllPageNumbers_Is_A_List_Of_PageNumbers" executed="True" result="Success" success="True" time="0.003" asserts="1">
                                    <categories>
                                      <category name="Unit" />
                                    </categories>
                                  </test-case>
                                  <test-case name="Bowerbird.Web.Test.ViewModels.Paging.PagedListTest.PagedList_NextPageNumber_Is_A_PageNumber" executed="True" result="Success" success="True" time="0.006" asserts="1">
                                    <categories>
                                      <category name="Unit" />
                                    </categories>
                                  </test-case>
                                  <test-case name="Bowerbird.Web.Test.ViewModels.Paging.PagedListTest.PagedList_PagedListItems_Is_An_Enumerable_PagedListItem_Of_Specified_Type" executed="True" result="Success" success="True" time="0.001" asserts="1">
                                    <categories>
                                      <category name="Unit" />
                                    </categories>
                                  </test-case>
                                  <test-case name="Bowerbird.Web.Test.ViewModels.Paging.PagedListTest.PagedList_PageSize_Is_An_Int" executed="True" result="Success" success="True" time="0.001" asserts="1">
                                    <categories>
                                      <category name="Unit" />
                                    </categories>
                                  </test-case>
                                  <test-case name="Bowerbird.Web.Test.ViewModels.Paging.PagedListTest.PagedList_PreviousPageNumber_Is_A_PageNumber" executed="True" result="Success" success="True" time="0.002" asserts="1">
                                    <categories>
                                      <category name="Unit" />
                                    </categories>
                                  </test-case>
                                  <test-case name="Bowerbird.Web.Test.ViewModels.Paging.PagedListTest.PagedList_SelectedPageNumber_Is_A_PageNumber" executed="True" result="Success" success="True" time="0.001" asserts="1">
                                    <categories>
                                      <category name="Unit" />
                                    </categories>
                                  </test-case>
                                  <test-case name="Bowerbird.Web.Test.ViewModels.Paging.PagedListTest.PagedList_TotalResultCount_Is_An_Int" executed="True" result="Success" success="True" time="0.001" asserts="1">
                                    <categories>
                                      <category name="Unit" />
                                    </categories>
                                  </test-case>
                                </results>
                              </test-suite>
                              <test-suite type="TestFixture" name="PageNumberTest" executed="True" result="Success" success="True" time="0.716" asserts="0">
                                <results>
                                  <test-case name="Bowerbird.Web.Test.ViewModels.Paging.PageNumberTest.PageNumber_Constructor_Sets_Properties" executed="True" result="Success" success="True" time="0.003" asserts="5">
                                    <categories>
                                      <category name="Unit" />
                                    </categories>
                                  </test-case>
                                  <test-case name="Bowerbird.Web.Test.ViewModels.Paging.PageNumberTest.PageNumber_Name_Is_A_String" executed="True" result="Success" success="True" time="0.001" asserts="1">
                                    <categories>
                                      <category name="Unit" />
                                    </categories>
                                  </test-case>
                                  <test-case name="Bowerbird.Web.Test.ViewModels.Paging.PageNumberTest.PageNumber_Number_Is_An_Int" executed="True" result="Success" success="True" time="0.001" asserts="1">
                                    <categories>
                                      <category name="Unit" />
                                    </categories>
                                  </test-case>
                                  <test-case name="Bowerbird.Web.Test.ViewModels.Paging.PageNumberTest.PageNumber_PageEndNumber_Is_An_Int" executed="True" result="Success" success="True" time="0.000" asserts="1">
                                    <categories>
                                      <category name="Unit" />
                                    </categories>
                                  </test-case>
                                  <test-case name="Bowerbird.Web.Test.ViewModels.Paging.PageNumberTest.PageNumber_PageStartNumber_Is_An_Int" executed="True" result="Success" success="True" time="0.001" asserts="1">
                                    <categories>
                                      <category name="Unit" />
                                    </categories>
                                  </test-case>
                                  <test-case name="Bowerbird.Web.Test.ViewModels.Paging.PageNumberTest.PageNumber_Selected_Is_A_Bool" executed="True" result="Success" success="True" time="0.000" asserts="1">
                                    <categories>
                                      <category name="Unit" />
                                    </categories>
                                  </test-case>
                                </results>
                              </test-suite>
                            </results>
                          </test-suite>
                          <test-suite type="TestFixture" name="StreamItemTest" executed="True" result="Success" success="True" time="0.354" asserts="0">
                            <results>
                              <test-case name="Bowerbird.Web.Test.ViewModels.StreamItemTest.StreamItem_Item_Is_An_Object" executed="True" result="Success" success="True" time="0.005" asserts="1">
                                <categories>
                                  <category name="Unit" />
                                </categories>
                              </test-case>
                              <test-case name="Bowerbird.Web.Test.ViewModels.StreamItemTest.StreamItem_SubmittedOn_Is_A_DateTime" executed="True" result="Success" success="True" time="0.001" asserts="1">
                                <categories>
                                  <category name="Unit" />
                                </categories>
                              </test-case>
                              <test-case name="Bowerbird.Web.Test.ViewModels.StreamItemTest.StreamItem_Type_Is_A_String" executed="True" result="Success" success="True" time="0.001" asserts="1">
                                <categories>
                                  <category name="Unit" />
                                </categories>
                              </test-case>
                            </results>
                          </test-suite>
                          <test-suite type="TestFixture" name="UserCreateInputTest" executed="True" result="Success" success="True" time="0.065" asserts="0">
                            <results>
                              <test-case name="Bowerbird.Web.Test.ViewModels.UserCreateInputTest.UserCreatedInput_Username_Is_A_String" executed="True" result="Success" success="True" time="0.001" asserts="1">
                                <categories>
                                  <category name="Unit" />
                                </categories>
                              </test-case>
                            </results>
                          </test-suite>
                        </results>
                      </test-suite>
                    </results>
                  </test-suite>
                </results>
              </test-suite>
            </results>
          </test-suite>
        </results>
      </test-suite>
      <test-suite type="Assembly" name="C:\Projects\bowerbird.web\Src\Bowerbird.Test.Utils\bin\Debug\Bowerbird.Test.Utils.dll" executed="True" result="Inconclusive" success="False" time="0.022" asserts="0" />
    </results>
  </test-suite>
</test-results>